cordovaApp/platforms/android/app/build/outputs/logs/manifest-merger-debug-report.txt
-- Merging decision tree log ---
provider#android.support.v4.content.FileProvider
INJECTED from src/main/AndroidManifest.xml:37:5-39:16
	android:grantUriPermissions
		ADDED from src/main/AndroidManifest.xml:37:88-122
	android:authorities
		INJECTED from src/main/AndroidManifest.xml
		ADDED from src/main/AndroidManifest.xml:37:15-62
	android:exported
		ADDED from src/main/AndroidManifest.xml:37:63-87
	android:name
		ADDED from src/main/AndroidManifest.xml:37:123-177
manifest
ADDED from src/main/AndroidManifest.xml:2:1-43:12
INJECTED from src/main/AndroidManifest.xml:2:1-43:12
INJECTED from src/main/AndroidManifest.xml:2:1-43:12
INJECTED from src/main/AndroidManifest.xml:2:1-43:12
MERGED from [com.kakao.sdk:kakaotalk:1.1.4] AndroidManifest.xml:2:1-15:12
MERGED from [com.android.support:customtabs:23.3.0] AndroidManifest.xml:17:1-24:12
MERGED from [com.android.support:support-v4:24.1.1] AndroidManifest.xml:17:1-27:12
MERGED from [:CordovaLib] AndroidManifest.xml:20:1-27:12
MERGED from [com.kakao.sdk:friends:1.1.4] AndroidManifest.xml:2:1-12:12
MERGED from [com.kakao.sdk:usermgmt:1.1.4] AndroidManifest.xml:2:1-15:12
MERGED from [com.kakao.sdk:auth:1.1.4] AndroidManifest.xml:2:1-15:12
MERGED from [com.kakao.sdk:network:1.1.4] AndroidManifest.xml:2:1-12:12
MERGED from [com.kakao.sdk:util:1.1.4] AndroidManifest.xml:2:1-15:12
INJECTED from src/main/AndroidManifest.xml:2:1-43:12
INJECTED from src/main/AndroidManifest.xml:2:1-43:12
INJECTED from src/main/AndroidManifest.xml:2:1-43:12
	package
		ADDED from src/main/AndroidManifest.xml:2:102-133
		INJECTED from src/main/AndroidManifest.xml
		INJECTED from src/main/AndroidManifest.xml
	android:versionName
		ADDED from src/main/AndroidManifest.xml:2:74-101
		INJECTED from src/main/AndroidManifest.xml
		INJECTED from src/main/AndroidManifest.xml
	android:hardwareAccelerated
		ADDED from src/main/AndroidManifest.xml:2:11-45
	xmlns:android
		ADDED from src/main/AndroidManifest.xml:2:134-192
	android:versionCode
		ADDED from src/main/AndroidManifest.xml:2:46-73
		INJECTED from src/main/AndroidManifest.xml
		INJECTED from src/main/AndroidManifest.xml
supports-screens
ADDED from src/main/AndroidManifest.xml:3:3-188
	android:largeScreens
		ADDED from src/main/AndroidManifest.xml:3:47-74
	android:smallScreens
		ADDED from src/main/AndroidManifest.xml:3:130-157
	android:normalScreens
		ADDED from src/main/AndroidManifest.xml:3:75-103
	android:xlargeScreens
		ADDED from src/main/AndroidManifest.xml:3:158-186
	android:resizeable
		ADDED from src/main/AndroidManifest.xml:3:104-129
	android:anyDensity
		ADDED from src/main/AndroidManifest.xml:3:21-46
uses-permission#android.permission.WRITE_EXTERNAL_STORAGE
ADDED from src/main/AndroidManifest.xml:4:3-78
	android:name
		ADDED from src/main/AndroidManifest.xml:4:20-76
uses-permission#android.permission.READ_CONTACTS
ADDED from src/main/AndroidManifest.xml:5:3-69
	android:name
		ADDED from src/main/AndroidManifest.xml:5:20-67
uses-permission#android.permission.WRITE_CONTACTS
ADDED from src/main/AndroidManifest.xml:6:3-70
	android:name
		ADDED from src/main/AndroidManifest.xml:6:20-68
uses-permission#android.permission.GET_ACCOUNTS
ADDED from src/main/AndroidManifest.xml:7:3-68
	android:name
		ADDED from src/main/AndroidManifest.xml:7:20-66
uses-permission#android.permission.ACCESS_NETWORK_STATE
ADDED from src/main/AndroidManifest.xml:8:3-76
	android:name
		ADDED from src/main/AndroidManifest.xml:8:20-74
uses-permission#android.permission.INTERNET
ADDED from src/main/AndroidManifest.xml:9:3-64
	android:name
		ADDED from src/main/AndroidManifest.xml:9:20-62
application
ADDED from src/main/AndroidManifest.xml:10:3-41:17
MERGED from [com.android.support:customtabs:23.3.0] AndroidManifest.xml:22:5-20
MERGED from [com.android.support:customtabs:23.3.0] AndroidManifest.xml:22:5-20
MERGED from [com.android.support:support-v4:24.1.1] AndroidManifest.xml:25:5-20
MERGED from [com.android.support:support-v4:24.1.1] AndroidManifest.xml:25:5-20
	android:supportsRtl
		ADDED from src/main/AndroidManifest.xml:10:112-138
	android:label
		ADDED from src/main/AndroidManifest.xml:10:79-111
	android:hardwareAccelerated
		ADDED from src/main/AndroidManifest.xml:10:16-50
	android:icon
		ADDED from src/main/AndroidManifest.xml:10:51-78
activity#test.test.hello.test2.MainActivity
ADDED from src/main/AndroidManifest.xml:11:5-34:16
	android:label
		ADDED from src/main/AndroidManifest.xml:11:93-130
	android:launchMode
		ADDED from src/main/AndroidManifest.xml:11:131-162
	android:windowSoftInputMode
		ADDED from src/main/AndroidManifest.xml:11:254-296
	android:configChanges
		ADDED from src/main/AndroidManifest.xml:11:15-92
	android:theme
		ADDED from src/main/AndroidManifest.xml:11:191-253
	android:name
		ADDED from src/main/AndroidManifest.xml:11:163-190
intent-filter#android.intent.action.MAIN+android.intent.category.LAUNCHER
ADDED from src/main/AndroidManifest.xml:12:7-15:23
	android:label
		ADDED from src/main/AndroidManifest.xml:12:22-59
action#android.intent.action.MAIN
ADDED from src/main/AndroidManifest.xml:13:9-60
	android:name
		ADDED from src/main/AndroidManifest.xml:13:17-58
category#android.intent.category.LAUNCHER
ADDED from src/main/AndroidManifest.xml:14:9-68
	android:name
		ADDED from src/main/AndroidManifest.xml:14:19-66
intent-filter#android.intent.action.VIEW+android.intent.category.BROWSABLE+android.intent.category.DEFAULT
ADDED from src/main/AndroidManifest.xml:16:7-21:23
	android:autoVerify
		ADDED from src/main/AndroidManifest.xml:22:22-47
action#android.intent.action.VIEW
ADDED from src/main/AndroidManifest.xml:17:9-60
	android:name
		ADDED from src/main/AndroidManifest.xml:17:17-58
category#android.intent.category.DEFAULT
ADDED from src/main/AndroidManifest.xml:18:9-67
	android:name
		ADDED from src/main/AndroidManifest.xml:18:19-65
category#android.intent.category.BROWSABLE
ADDED from src/main/AndroidManifest.xml:19:9-69
	android:name
		ADDED from src/main/AndroidManifest.xml:19:19-67
data
ADDED from src/main/AndroidManifest.xml:20:9-55
	android:path
		ADDED from src/main/AndroidManifest.xml:32:83-115
	android:host
		ADDED from src/main/AndroidManifest.xml:26:15-46
	android:scheme
		ADDED from src/main/AndroidManifest.xml:20:15-53
activity#test.test.hello.test2.common.SampleLoginActivity
ADDED from src/main/AndroidManifest.xml:35:5-127
	android:screenOrientation
		ADDED from src/main/AndroidManifest.xml:35:89-125
	android:launchMode
		ADDED from src/main/AndroidManifest.xml:35:15-45
	android:name
		ADDED from src/main/AndroidManifest.xml:35:46-88
activity#test.test.hello.test2.common.SampleSignupActivity
ADDED from src/main/AndroidManifest.xml:36:5-128
	android:screenOrientation
		ADDED from src/main/AndroidManifest.xml:36:90-126
	android:launchMode
		ADDED from src/main/AndroidManifest.xml:36:15-45
	android:name
		ADDED from src/main/AndroidManifest.xml:36:46-89
meta-data#com.kakao.sdk.AppKey
ADDED from src/main/AndroidManifest.xml:40:5-91
	android:value
		ADDED from src/main/AndroidManifest.xml:40:52-89
	android:name
		ADDED from src/main/AndroidManifest.xml:40:16-51
uses-sdk
ADDED from src/main/AndroidManifest.xml:42:3-71
INJECTED from src/main/AndroidManifest.xml:42:3-71
MERGED from [com.kakao.sdk:kakaotalk:1.1.4] AndroidManifest.xml:11:5-13:41
MERGED from [com.kakao.sdk:kakaotalk:1.1.4] AndroidManifest.xml:11:5-13:41
MERGED from [com.android.support:customtabs:23.3.0] AndroidManifest.xml:20:5-44
MERGED from [com.android.support:customtabs:23.3.0] AndroidManifest.xml:20:5-44
MERGED from [com.android.support:support-v4:24.1.1] AndroidManifest.xml:21:5-23:54
MERGED from [com.android.support:support-v4:24.1.1] AndroidManifest.xml:21:5-23:54
MERGED from [:CordovaLib] AndroidManifest.xml:25:5-44
MERGED from [:CordovaLib] AndroidManifest.xml:25:5-44
MERGED from [com.kakao.sdk:friends:1.1.4] AndroidManifest.xml:8:5-10:41
MERGED from [com.kakao.sdk:friends:1.1.4] AndroidManifest.xml:8:5-10:41
MERGED from [com.kakao.sdk:usermgmt:1.1.4] AndroidManifest.xml:11:5-13:41
MERGED from [com.kakao.sdk:usermgmt:1.1.4] AndroidManifest.xml:11:5-13:41
MERGED from [com.kakao.sdk:auth:1.1.4] AndroidManifest.xml:11:5-13:41
MERGED from [com.kakao.sdk:auth:1.1.4] AndroidManifest.xml:11:5-13:41
MERGED from [com.kakao.sdk:network:1.1.4] AndroidManifest.xml:8:5-10:41
MERGED from [com.kakao.sdk:network:1.1.4] AndroidManifest.xml:8:5-10:41
MERGED from [com.kakao.sdk:util:1.1.4] AndroidManifest.xml:11:5-13:41
MERGED from [com.kakao.sdk:util:1.1.4] AndroidManifest.xml:11:5-13:41
INJECTED from src/main/AndroidManifest.xml:42:3-71
	tools:overrideLibrary
		ADDED from [com.android.support:support-v4:24.1.1] AndroidManifest.xml:23:9-51
	android:targetSdkVersion
		ADDED from src/main/AndroidManifest.xml:42:40-69
	android:minSdkVersion
		ADDED from src/main/AndroidManifest.xml:42:13-39
		INJECTED from src/main/AndroidManifest.xml
		INJECTED from src/main/AndroidManifest.xml
meta-data#android.support.FILE_PROVIDER_PATHS
ADDED from src/main/AndroidManifest.xml:38:7-109
	android:resource
		ADDED from src/main/AndroidManifest.xml:38:69-107
	android:name
		ADDED from src/main/AndroidManifest.xml:38:18-68